-encoding
UTF-8
-outxml
-source
1.6
-target
1.6
-classpath
C:\Users\Admin\.m2\repository\junit\junit\4.11\junit-4.11.jar;C:\Users\Admin\.m2\repository\log4j\log4j\1.2.17\log4j-1.2.17.jar;C:\Users\Admin\.m2\repository\org\slf4j\slf4j-api\1.7.5\slf4j-api-1.7.5.jar;C:\Users\Admin\.m2\repository\org\slf4j\jcl-over-slf4j\1.7.5\jcl-over-slf4j-1.7.5.jar;C:\Users\Admin\.m2\repository\org\slf4j\slf4j-log4j12\1.7.5\slf4j-log4j12-1.7.5.jar;C:\Users\Admin\.m2\repository\org\aspectj\aspectjrt\1.8.1\aspectjrt-1.8.1.jar;C:\Users\Admin\.m2\repository\org\aspectj\aspectjweaver\1.8.1\aspectjweaver-1.8.1.jar;C:\Users\Admin\.m2\repository\javax\servlet\servlet-api\2.5\servlet-api-2.5.jar;C:\Users\Admin\.m2\repository\net\sf\flexjson\flexjson\2.1\flexjson-2.1.jar;C:\Users\Admin\.m2\repository\org\apache\commons\commons-lang3\3.1\commons-lang3-3.1.jar;C:\Users\Admin\.m2\repository\org\springframework\roo\org.springframework.roo.annotations\1.3.1.RELEASE\org.springframework.roo.annotations-1.3.1.RELEASE.jar;C:\Users\Admin\.m2\repository\org\springframework\spring-core\3.2.8.RELEASE\spring-core-3.2.8.RELEASE.jar;C:\Users\Admin\.m2\repository\org\springframework\spring-test\3.2.8.RELEASE\spring-test-3.2.8.RELEASE.jar;C:\Users\Admin\.m2\repository\org\springframework\spring-context\3.2.8.RELEASE\spring-context-3.2.8.RELEASE.jar;C:\Users\Admin\.m2\repository\org\springframework\spring-aop\3.2.8.RELEASE\spring-aop-3.2.8.RELEASE.jar;C:\Users\Admin\.m2\repository\org\springframework\spring-aspects\3.2.8.RELEASE\spring-aspects-3.2.8.RELEASE.jar;C:\Users\Admin\.m2\repository\mysql\mysql-connector-java\5.1.18\mysql-connector-java-5.1.18.jar;C:\Users\Admin\.m2\repository\org\hibernate\hibernate-core\4.3.6.Final\hibernate-core-4.3.6.Final.jar;C:\Users\Admin\.m2\repository\org\hibernate\hibernate-entitymanager\4.3.6.Final\hibernate-entitymanager-4.3.6.Final.jar;C:\Users\Admin\.m2\repository\org\hibernate\javax\persistence\hibernate-jpa-2.1-api\1.0.0.Final\hibernate-jpa-2.1-api-1.0.0.Final.jar;C:\Users\Admin\.m2\repository\commons-collections\commons-collections\3.2.1\commons-collections-3.2.1.jar;C:\Users\Admin\.m2\repository\org\hibernate\hibernate-validator\4.3.2.Final\hibernate-validator-4.3.2.Final.jar;C:\Users\Admin\.m2\repository\javax\validation\validation-api\1.0.0.GA\validation-api-1.0.0.GA.jar;C:\Users\Admin\.m2\repository\javax\transaction\jta\1.1\jta-1.1.jar;C:\Users\Admin\.m2\repository\org\springframework\spring-jdbc\3.2.8.RELEASE\spring-jdbc-3.2.8.RELEASE.jar;C:\Users\Admin\.m2\repository\org\springframework\spring-orm\3.2.8.RELEASE\spring-orm-3.2.8.RELEASE.jar;C:\Users\Admin\.m2\repository\commons-pool\commons-pool\1.5.6\commons-pool-1.5.6.jar;C:\Users\Admin\.m2\repository\commons-dbcp\commons-dbcp\1.4\commons-dbcp-1.4.jar;C:\Users\Admin\.m2\repository\com\sinoparasoft\openstack-client\2.0.1\openstack-client-2.0.1.jar;C:\Users\Admin\.m2\repository\com\sinoparasoft\ceph-client\1.0.1\ceph-client-1.0.1.jar;C:\Users\Admin\.m2\repository\com\sinoparasoft\nagios-client\1.0.1\nagios-client-1.0.1.jar;C:\Users\Admin\.m2\repository\com\sinoparasoft\mq-client\1.0.1\mq-client-1.0.1.jar;C:\Users\Admin\.m2\repository\org\apache\poi\poi\3.12\poi-3.12.jar;C:\Users\Admin\.m2\repository\org\apache\poi\poi-ooxml\3.12\poi-ooxml-3.12.jar;C:\Users\Admin\.m2\repository\commons-io\commons-io\2.4\commons-io-2.4.jar;C:\Users\Admin\.m2\repository\commons-codec\commons-codec\1.8\commons-codec-1.8.jar;C:\Users\Admin\.m2\repository\org\springframework\spring-beans\3.2.8.RELEASE\spring-beans-3.2.8.RELEASE.jar;C:\Users\Admin\.m2\repository\org\springframework\spring-expression\3.2.8.RELEASE\spring-expression-3.2.8.RELEASE.jar;C:\Users\Admin\.m2\repository\aopalliance\aopalliance\1.0\aopalliance-1.0.jar;C:\Users\Admin\.m2\repository\org\jboss\logging\jboss-logging\3.1.3.GA\jboss-logging-3.1.3.GA.jar;C:\Users\Admin\.m2\repository\org\jboss\logging\jboss-logging-annotations\1.2.0.Beta1\jboss-logging-annotations-1.2.0.Beta1.jar;C:\Users\Admin\.m2\repository\org\jboss\spec\javax\transaction\jboss-transaction-api_1.2_spec\1.0.0.Final\jboss-transaction-api_1.2_spec-1.0.0.Final.jar;C:\Users\Admin\.m2\repository\dom4j\dom4j\1.6.1\dom4j-1.6.1.jar;C:\Users\Admin\.m2\repository\xml-apis\xml-apis\1.0.b2\xml-apis-1.0.b2.jar;C:\Users\Admin\.m2\repository\org\hibernate\common\hibernate-commons-annotations\4.0.5.Final\hibernate-commons-annotations-4.0.5.Final.jar;C:\Users\Admin\.m2\repository\org\javassist\javassist\3.18.1-GA\javassist-3.18.1-GA.jar;C:\Users\Admin\.m2\repository\antlr\antlr\2.7.7\antlr-2.7.7.jar;C:\Users\Admin\.m2\repository\org\jboss\jandex\1.1.0.Final\jandex-1.1.0.Final.jar;C:\Users\Admin\.m2\repository\org\springframework\spring-tx\3.2.8.RELEASE\spring-tx-3.2.8.RELEASE.jar;C:\Users\Admin\.m2\repository\org\pacesys\openstack4j-core\3.0.2\openstack4j-core-3.0.2.jar;C:\Users\Admin\.m2\repository\com\google\guava\guava\17.0\guava-17.0.jar;C:\Users\Admin\.m2\repository\com\fasterxml\jackson\dataformat\jackson-dataformat-yaml\2.7.3\jackson-dataformat-yaml-2.7.3.jar;C:\Users\Admin\.m2\repository\org\yaml\snakeyaml\1.15\snakeyaml-1.15.jar;C:\Users\Admin\.m2\repository\com\google\code\findbugs\jsr305\2.0.0\jsr305-2.0.0.jar;C:\Users\Admin\.m2\repository\org\pacesys\openstack4j\connectors\openstack4j-resteasy\3.0.2\openstack4j-resteasy-3.0.2.jar;C:\Users\Admin\.m2\repository\com\fasterxml\jackson\jaxrs\jackson-jaxrs-json-provider\2.7.3\jackson-jaxrs-json-provider-2.7.3.jar;C:\Users\Admin\.m2\repository\com\fasterxml\jackson\jaxrs\jackson-jaxrs-base\2.7.3\jackson-jaxrs-base-2.7.3.jar;C:\Users\Admin\.m2\repository\com\fasterxml\jackson\module\jackson-module-jaxb-annotations\2.7.3\jackson-module-jaxb-annotations-2.7.3.jar;C:\Users\Admin\.m2\repository\commons-logging\commons-logging\1.2\commons-logging-1.2.jar;C:\Users\Admin\.m2\repository\joda-time\joda-time\2.9.4\joda-time-2.9.4.jar;C:\Users\Admin\.m2\repository\org\jboss\resteasy\resteasy-jaxrs\2.3.7.Final\resteasy-jaxrs-2.3.7.Final.jar;C:\Users\Admin\.m2\repository\org\jboss\resteasy\jaxrs-api\2.3.7.Final\jaxrs-api-2.3.7.Final.jar;C:\Users\Admin\.m2\repository\org\scannotation\scannotation\1.0.3\scannotation-1.0.3.jar;C:\Users\Admin\.m2\repository\javassist\javassist\3.12.1.GA\javassist-3.12.1.GA.jar;C:\Users\Admin\.m2\repository\javax\annotation\jsr250-api\1.0\jsr250-api-1.0.jar;C:\Users\Admin\.m2\repository\javax\activation\activation\1.1\activation-1.1.jar;C:\Users\Admin\.m2\repository\org\apache\httpcomponents\httpclient\4.1.2\httpclient-4.1.2.jar;C:\Users\Admin\.m2\repository\org\apache\httpcomponents\httpcore\4.1.2\httpcore-4.1.2.jar;C:\Users\Admin\.m2\repository\net\jcip\jcip-annotations\1.0\jcip-annotations-1.0.jar;C:\Users\Admin\.m2\repository\com\fasterxml\jackson\core\jackson-databind\2.7.4\jackson-databind-2.7.4.jar;C:\Users\Admin\.m2\repository\com\fasterxml\jackson\core\jackson-annotations\2.7.0\jackson-annotations-2.7.0.jar;C:\Users\Admin\.m2\repository\com\fasterxml\jackson\core\jackson-core\2.7.4\jackson-core-2.7.4.jar;C:\Users\Admin\.m2\repository\com\rabbitmq\amqp-client\3.6.5\amqp-client-3.6.5.jar;C:\Users\Admin\.m2\repository\org\apache\poi\poi-ooxml-schemas\3.12\poi-ooxml-schemas-3.12.jar;C:\Users\Admin\.m2\repository\org\apache\xmlbeans\xmlbeans\2.6.0\xmlbeans-2.6.0.jar;C:\Users\Admin\.m2\repository\stax\stax-api\1.0.1\stax-api-1.0.1.jar;D:\GGCloud-Origin\private_cloud_sdk\target\classes
-aspectpath
C:\Users\Admin\.m2\repository\org\springframework\spring-aspects\3.2.8.RELEASE\spring-aspects-3.2.8.RELEASE.jar
-d
D:\GGCloud-Origin\private_cloud_sdk\target\classes
D:\GGCloud-Origin\private_cloud_sdk\src\main\java\com\sinoparasoft\app\App.java
D:\GGCloud-Origin\private_cloud_sdk\src\main\java\com\sinoparasoft\common\ActionResult.java
D:\GGCloud-Origin\private_cloud_sdk\src\main\java\com\sinoparasoft\common\ActionResultLogLevelEnum.java
D:\GGCloud-Origin\private_cloud_sdk\src\main\java\com\sinoparasoft\common\AlarmParameter.java
D:\GGCloud-Origin\private_cloud_sdk\src\main\java\com\sinoparasoft\common\AsyncOperationRequest.java
D:\GGCloud-Origin\private_cloud_sdk\src\main\java\com\sinoparasoft\common\AsyncOperationTypeEnum.java
D:\GGCloud-Origin\private_cloud_sdk\src\main\java\com\sinoparasoft\common\BatchActionResult.java
D:\GGCloud-Origin\private_cloud_sdk\src\main\java\com\sinoparasoft\config\AppConfig.java
D:\GGCloud-Origin\private_cloud_sdk\src\main\java\com\sinoparasoft\config\ApplicationConfiguration.java
D:\GGCloud-Origin\private_cloud_sdk\src\main\java\com\sinoparasoft\config\CephConfig.java
D:\GGCloud-Origin\private_cloud_sdk\src\main\java\com\sinoparasoft\config\CloudConfig.java
D:\GGCloud-Origin\private_cloud_sdk\src\main\java\com\sinoparasoft\config\MQConfig.java
D:\GGCloud-Origin\private_cloud_sdk\src\main\java\com\sinoparasoft\config\NagiosConfig.java
D:\GGCloud-Origin\private_cloud_sdk\src\main\java\com\sinoparasoft\config\StaticApplicationConfiguration.java
D:\GGCloud-Origin\private_cloud_sdk\src\main\java\com\sinoparasoft\enumerator\AlarmSeverityEnum.java
D:\GGCloud-Origin\private_cloud_sdk\src\main\java\com\sinoparasoft\enumerator\DiskStatusEnum.java
D:\GGCloud-Origin\private_cloud_sdk\src\main\java\com\sinoparasoft\enumerator\ExternalIpDeviceOwnerEnum.java
D:\GGCloud-Origin\private_cloud_sdk\src\main\java\com\sinoparasoft\enumerator\ExternalIpStatusEnum.java
D:\GGCloud-Origin\private_cloud_sdk\src\main\java\com\sinoparasoft\enumerator\MonitorNameEnum.java
D:\GGCloud-Origin\private_cloud_sdk\src\main\java\com\sinoparasoft\enumerator\MonitorSourceEnum.java
D:\GGCloud-Origin\private_cloud_sdk\src\main\java\com\sinoparasoft\enumerator\MonitorStatusEnum.java
D:\GGCloud-Origin\private_cloud_sdk\src\main\java\com\sinoparasoft\enumerator\MonitorTypeEnum.java
D:\GGCloud-Origin\private_cloud_sdk\src\main\java\com\sinoparasoft\enumerator\OperationSeverityEnum.java
D:\GGCloud-Origin\private_cloud_sdk\src\main\java\com\sinoparasoft\enumerator\OperationStatusEnum.java
D:\GGCloud-Origin\private_cloud_sdk\src\main\java\com\sinoparasoft\enumerator\PhysicalMachineStatusEnum.java
D:\GGCloud-Origin\private_cloud_sdk\src\main\java\com\sinoparasoft\enumerator\PhysicalMachineTypeNameEnum.java
D:\GGCloud-Origin\private_cloud_sdk\src\main\java\com\sinoparasoft\enumerator\RoleNameEnum.java
D:\GGCloud-Origin\private_cloud_sdk\src\main\java\com\sinoparasoft\enumerator\ServiceNameEnum.java
D:\GGCloud-Origin\private_cloud_sdk\src\main\java\com\sinoparasoft\enumerator\SnapshotStatusEnum.java
D:\GGCloud-Origin\private_cloud_sdk\src\main\java\com\sinoparasoft\enumerator\UserStatusEnum.java
D:\GGCloud-Origin\private_cloud_sdk\src\main\java\com\sinoparasoft\enumerator\VirtualMachineDomainStatusEnum.java
D:\GGCloud-Origin\private_cloud_sdk\src\main\java\com\sinoparasoft\enumerator\VirtualMachineGroupStatusEnum.java
D:\GGCloud-Origin\private_cloud_sdk\src\main\java\com\sinoparasoft\enumerator\VirtualMachineStatusEnum.java
D:\GGCloud-Origin\private_cloud_sdk\src\main\java\com\sinoparasoft\enumerator\VirtualMachineTaskStatusEnum.java
D:\GGCloud-Origin\private_cloud_sdk\src\main\java\com\sinoparasoft\model\ApplicationTag.java
D:\GGCloud-Origin\private_cloud_sdk\src\main\java\com\sinoparasoft\model\ApplicationTag_Roo_Configurable.aj
D:\GGCloud-Origin\private_cloud_sdk\src\main\java\com\sinoparasoft\model\ApplicationTag_Roo_JavaBean.aj
D:\GGCloud-Origin\private_cloud_sdk\src\main\java\com\sinoparasoft\model\ApplicationTag_Roo_Jpa_ActiveRecord.aj
D:\GGCloud-Origin\private_cloud_sdk\src\main\java\com\sinoparasoft\model\ApplicationTag_Roo_Jpa_Entity.aj
D:\GGCloud-Origin\private_cloud_sdk\src\main\java\com\sinoparasoft\model\ApplicationTag_Roo_ToString.aj
D:\GGCloud-Origin\private_cloud_sdk\src\main\java\com\sinoparasoft\model\Disk.java
D:\GGCloud-Origin\private_cloud_sdk\src\main\java\com\sinoparasoft\model\Disk_Roo_Configurable.aj
D:\GGCloud-Origin\private_cloud_sdk\src\main\java\com\sinoparasoft\model\Disk_Roo_JavaBean.aj
D:\GGCloud-Origin\private_cloud_sdk\src\main\java\com\sinoparasoft\model\Disk_Roo_Jpa_ActiveRecord.aj
D:\GGCloud-Origin\private_cloud_sdk\src\main\java\com\sinoparasoft\model\Disk_Roo_Jpa_Entity.aj
D:\GGCloud-Origin\private_cloud_sdk\src\main\java\com\sinoparasoft\model\Disk_Roo_ToString.aj
D:\GGCloud-Origin\private_cloud_sdk\src\main\java\com\sinoparasoft\model\ExternalIp.java
D:\GGCloud-Origin\private_cloud_sdk\src\main\java\com\sinoparasoft\model\ExternalIp_Roo_Configurable.aj
D:\GGCloud-Origin\private_cloud_sdk\src\main\java\com\sinoparasoft\model\ExternalIp_Roo_JavaBean.aj
D:\GGCloud-Origin\private_cloud_sdk\src\main\java\com\sinoparasoft\model\ExternalIp_Roo_Jpa_ActiveRecord.aj
D:\GGCloud-Origin\private_cloud_sdk\src\main\java\com\sinoparasoft\model\ExternalIp_Roo_Jpa_Entity.aj
D:\GGCloud-Origin\private_cloud_sdk\src\main\java\com\sinoparasoft\model\ExternalIp_Roo_ToString.aj
D:\GGCloud-Origin\private_cloud_sdk\src\main\java\com\sinoparasoft\model\Monitor.java
D:\GGCloud-Origin\private_cloud_sdk\src\main\java\com\sinoparasoft\model\MonitorLog.java
D:\GGCloud-Origin\private_cloud_sdk\src\main\java\com\sinoparasoft\model\MonitorLog_Roo_Configurable.aj
D:\GGCloud-Origin\private_cloud_sdk\src\main\java\com\sinoparasoft\model\MonitorLog_Roo_JavaBean.aj
D:\GGCloud-Origin\private_cloud_sdk\src\main\java\com\sinoparasoft\model\MonitorLog_Roo_Jpa_ActiveRecord.aj
D:\GGCloud-Origin\private_cloud_sdk\src\main\java\com\sinoparasoft\model\MonitorLog_Roo_Jpa_Entity.aj
D:\GGCloud-Origin\private_cloud_sdk\src\main\java\com\sinoparasoft\model\MonitorLog_Roo_ToString.aj
D:\GGCloud-Origin\private_cloud_sdk\src\main\java\com\sinoparasoft\model\MonitorResult.java
D:\GGCloud-Origin\private_cloud_sdk\src\main\java\com\sinoparasoft\model\MonitorResult_Roo_Configurable.aj
D:\GGCloud-Origin\private_cloud_sdk\src\main\java\com\sinoparasoft\model\MonitorResult_Roo_JavaBean.aj
D:\GGCloud-Origin\private_cloud_sdk\src\main\java\com\sinoparasoft\model\MonitorResult_Roo_Jpa_ActiveRecord.aj
D:\GGCloud-Origin\private_cloud_sdk\src\main\java\com\sinoparasoft\model\MonitorResult_Roo_Jpa_Entity.aj
D:\GGCloud-Origin\private_cloud_sdk\src\main\java\com\sinoparasoft\model\MonitorResult_Roo_ToString.aj
D:\GGCloud-Origin\private_cloud_sdk\src\main\java\com\sinoparasoft\model\MonitorSetting.java
D:\GGCloud-Origin\private_cloud_sdk\src\main\java\com\sinoparasoft\model\MonitorSetting_Roo_Configurable.aj
D:\GGCloud-Origin\private_cloud_sdk\src\main\java\com\sinoparasoft\model\MonitorSetting_Roo_JavaBean.aj
D:\GGCloud-Origin\private_cloud_sdk\src\main\java\com\sinoparasoft\model\MonitorSetting_Roo_Jpa_ActiveRecord.aj
D:\GGCloud-Origin\private_cloud_sdk\src\main\java\com\sinoparasoft\model\MonitorSetting_Roo_Jpa_Entity.aj
D:\GGCloud-Origin\private_cloud_sdk\src\main\java\com\sinoparasoft\model\MonitorSetting_Roo_ToString.aj
D:\GGCloud-Origin\private_cloud_sdk\src\main\java\com\sinoparasoft\model\Monitor_Roo_Configurable.aj
D:\GGCloud-Origin\private_cloud_sdk\src\main\java\com\sinoparasoft\model\Monitor_Roo_JavaBean.aj
D:\GGCloud-Origin\private_cloud_sdk\src\main\java\com\sinoparasoft\model\Monitor_Roo_Jpa_ActiveRecord.aj
D:\GGCloud-Origin\private_cloud_sdk\src\main\java\com\sinoparasoft\model\Monitor_Roo_Jpa_Entity.aj
D:\GGCloud-Origin\private_cloud_sdk\src\main\java\com\sinoparasoft\model\Monitor_Roo_ToString.aj
D:\GGCloud-Origin\private_cloud_sdk\src\main\java\com\sinoparasoft\model\OperationLog.java
D:\GGCloud-Origin\private_cloud_sdk\src\main\java\com\sinoparasoft\model\OperationLog_Roo_Configurable.aj
D:\GGCloud-Origin\private_cloud_sdk\src\main\java\com\sinoparasoft\model\OperationLog_Roo_JavaBean.aj
D:\GGCloud-Origin\private_cloud_sdk\src\main\java\com\sinoparasoft\model\OperationLog_Roo_Jpa_ActiveRecord.aj
D:\GGCloud-Origin\private_cloud_sdk\src\main\java\com\sinoparasoft\model\OperationLog_Roo_Jpa_Entity.aj
D:\GGCloud-Origin\private_cloud_sdk\src\main\java\com\sinoparasoft\model\OperationLog_Roo_ToString.aj
D:\GGCloud-Origin\private_cloud_sdk\src\main\java\com\sinoparasoft\model\PhysicalMachine.java
D:\GGCloud-Origin\private_cloud_sdk\src\main\java\com\sinoparasoft\model\PhysicalMachineLoad.java
D:\GGCloud-Origin\private_cloud_sdk\src\main\java\com\sinoparasoft\model\PhysicalMachineLoad_Roo_Configurable.aj
D:\GGCloud-Origin\private_cloud_sdk\src\main\java\com\sinoparasoft\model\PhysicalMachineLoad_Roo_JavaBean.aj
D:\GGCloud-Origin\private_cloud_sdk\src\main\java\com\sinoparasoft\model\PhysicalMachineLoad_Roo_Jpa_ActiveRecord.aj
D:\GGCloud-Origin\private_cloud_sdk\src\main\java\com\sinoparasoft\model\PhysicalMachineLoad_Roo_Jpa_Entity.aj
D:\GGCloud-Origin\private_cloud_sdk\src\main\java\com\sinoparasoft\model\PhysicalMachineLoad_Roo_ToString.aj
D:\GGCloud-Origin\private_cloud_sdk\src\main\java\com\sinoparasoft\model\PhysicalMachineType.java
D:\GGCloud-Origin\private_cloud_sdk\src\main\java\com\sinoparasoft\model\PhysicalMachineType_Roo_Configurable.aj
D:\GGCloud-Origin\private_cloud_sdk\src\main\java\com\sinoparasoft\model\PhysicalMachineType_Roo_JavaBean.aj
D:\GGCloud-Origin\private_cloud_sdk\src\main\java\com\sinoparasoft\model\PhysicalMachineType_Roo_Jpa_ActiveRecord.aj
D:\GGCloud-Origin\private_cloud_sdk\src\main\java\com\sinoparasoft\model\PhysicalMachineType_Roo_Jpa_Entity.aj
D:\GGCloud-Origin\private_cloud_sdk\src\main\java\com\sinoparasoft\model\PhysicalMachineType_Roo_ToString.aj
D:\GGCloud-Origin\private_cloud_sdk\src\main\java\com\sinoparasoft\model\PhysicalMachine_Roo_Configurable.aj
D:\GGCloud-Origin\private_cloud_sdk\src\main\java\com\sinoparasoft\model\PhysicalMachine_Roo_JavaBean.aj
D:\GGCloud-Origin\private_cloud_sdk\src\main\java\com\sinoparasoft\model\PhysicalMachine_Roo_Jpa_ActiveRecord.aj
D:\GGCloud-Origin\private_cloud_sdk\src\main\java\com\sinoparasoft\model\PhysicalMachine_Roo_Jpa_Entity.aj
D:\GGCloud-Origin\private_cloud_sdk\src\main\java\com\sinoparasoft\model\PhysicalMachine_Roo_ToString.aj
D:\GGCloud-Origin\private_cloud_sdk\src\main\java\com\sinoparasoft\model\Role.java
D:\GGCloud-Origin\private_cloud_sdk\src\main\java\com\sinoparasoft\model\Role_Roo_Configurable.aj
D:\GGCloud-Origin\private_cloud_sdk\src\main\java\com\sinoparasoft\model\Role_Roo_JavaBean.aj
D:\GGCloud-Origin\private_cloud_sdk\src\main\java\com\sinoparasoft\model\Role_Roo_Jpa_ActiveRecord.aj
D:\GGCloud-Origin\private_cloud_sdk\src\main\java\com\sinoparasoft\model\Role_Roo_Jpa_Entity.aj
D:\GGCloud-Origin\private_cloud_sdk\src\main\java\com\sinoparasoft\model\Role_Roo_ToString.aj
D:\GGCloud-Origin\private_cloud_sdk\src\main\java\com\sinoparasoft\model\Snapshot.java
D:\GGCloud-Origin\private_cloud_sdk\src\main\java\com\sinoparasoft\model\Snapshot_Roo_Configurable.aj
D:\GGCloud-Origin\private_cloud_sdk\src\main\java\com\sinoparasoft\model\Snapshot_Roo_JavaBean.aj
D:\GGCloud-Origin\private_cloud_sdk\src\main\java\com\sinoparasoft\model\Snapshot_Roo_Jpa_ActiveRecord.aj
D:\GGCloud-Origin\private_cloud_sdk\src\main\java\com\sinoparasoft\model\Snapshot_Roo_Jpa_Entity.aj
D:\GGCloud-Origin\private_cloud_sdk\src\main\java\com\sinoparasoft\model\Snapshot_Roo_ToString.aj
D:\GGCloud-Origin\private_cloud_sdk\src\main\java\com\sinoparasoft\model\User.java
D:\GGCloud-Origin\private_cloud_sdk\src\main\java\com\sinoparasoft\model\User_Roo_Configurable.aj
D:\GGCloud-Origin\private_cloud_sdk\src\main\java\com\sinoparasoft\model\User_Roo_JavaBean.aj
D:\GGCloud-Origin\private_cloud_sdk\src\main\java\com\sinoparasoft\model\User_Roo_Jpa_ActiveRecord.aj
D:\GGCloud-Origin\private_cloud_sdk\src\main\java\com\sinoparasoft\model\User_Roo_Jpa_Entity.aj
D:\GGCloud-Origin\private_cloud_sdk\src\main\java\com\sinoparasoft\model\User_Roo_ToString.aj
D:\GGCloud-Origin\private_cloud_sdk\src\main\java\com\sinoparasoft\model\VirtualMachine.java
D:\GGCloud-Origin\private_cloud_sdk\src\main\java\com\sinoparasoft\model\VirtualMachineDomain.java
D:\GGCloud-Origin\private_cloud_sdk\src\main\java\com\sinoparasoft\model\VirtualMachineDomain_Roo_Configurable.aj
D:\GGCloud-Origin\private_cloud_sdk\src\main\java\com\sinoparasoft\model\VirtualMachineDomain_Roo_JavaBean.aj
D:\GGCloud-Origin\private_cloud_sdk\src\main\java\com\sinoparasoft\model\VirtualMachineDomain_Roo_Jpa_ActiveRecord.aj
D:\GGCloud-Origin\private_cloud_sdk\src\main\java\com\sinoparasoft\model\VirtualMachineDomain_Roo_Jpa_Entity.aj
D:\GGCloud-Origin\private_cloud_sdk\src\main\java\com\sinoparasoft\model\VirtualMachineDomain_Roo_ToString.aj
D:\GGCloud-Origin\private_cloud_sdk\src\main\java\com\sinoparasoft\model\VirtualMachineGroup.java
D:\GGCloud-Origin\private_cloud_sdk\src\main\java\com\sinoparasoft\model\VirtualMachineGroup_Roo_Configurable.aj
D:\GGCloud-Origin\private_cloud_sdk\src\main\java\com\sinoparasoft\model\VirtualMachineGroup_Roo_JavaBean.aj
D:\GGCloud-Origin\private_cloud_sdk\src\main\java\com\sinoparasoft\model\VirtualMachineGroup_Roo_Jpa_ActiveRecord.aj
D:\GGCloud-Origin\private_cloud_sdk\src\main\java\com\sinoparasoft\model\VirtualMachineGroup_Roo_Jpa_Entity.aj
D:\GGCloud-Origin\private_cloud_sdk\src\main\java\com\sinoparasoft\model\VirtualMachineGroup_Roo_ToString.aj
D:\GGCloud-Origin\private_cloud_sdk\src\main\java\com\sinoparasoft\model\VirtualMachine_Roo_Configurable.aj
D:\GGCloud-Origin\private_cloud_sdk\src\main\java\com\sinoparasoft\model\VirtualMachine_Roo_JavaBean.aj
D:\GGCloud-Origin\private_cloud_sdk\src\main\java\com\sinoparasoft\model\VirtualMachine_Roo_Jpa_ActiveRecord.aj
D:\GGCloud-Origin\private_cloud_sdk\src\main\java\com\sinoparasoft\model\VirtualMachine_Roo_Jpa_Entity.aj
D:\GGCloud-Origin\private_cloud_sdk\src\main\java\com\sinoparasoft\model\VirtualMachine_Roo_ToString.aj
D:\GGCloud-Origin\private_cloud_sdk\src\main\java\com\sinoparasoft\service\ApplicationTagService.java
D:\GGCloud-Origin\private_cloud_sdk\src\main\java\com\sinoparasoft\service\ApplicationTagServiceImpl.java
D:\GGCloud-Origin\private_cloud_sdk\src\main\java\com\sinoparasoft\service\DiskService.java
D:\GGCloud-Origin\private_cloud_sdk\src\main\java\com\sinoparasoft\service\DiskServiceEpilogue.java
D:\GGCloud-Origin\private_cloud_sdk\src\main\java\com\sinoparasoft\service\DiskServiceImpl.java
D:\GGCloud-Origin\private_cloud_sdk\src\main\java\com\sinoparasoft\service\ImageService.java
D:\GGCloud-Origin\private_cloud_sdk\src\main\java\com\sinoparasoft\service\ImageServiceImpl.java
D:\GGCloud-Origin\private_cloud_sdk\src\main\java\com\sinoparasoft\service\MonitorLogService.java
D:\GGCloud-Origin\private_cloud_sdk\src\main\java\com\sinoparasoft\service\MonitorLogServiceImpl.java
D:\GGCloud-Origin\private_cloud_sdk\src\main\java\com\sinoparasoft\service\MonitorResultService.java
D:\GGCloud-Origin\private_cloud_sdk\src\main\java\com\sinoparasoft\service\MonitorResultServiceImpl.java
D:\GGCloud-Origin\private_cloud_sdk\src\main\java\com\sinoparasoft\service\MonitorSettingService.java
D:\GGCloud-Origin\private_cloud_sdk\src\main\java\com\sinoparasoft\service\MonitorSettingServiceImpl.java
D:\GGCloud-Origin\private_cloud_sdk\src\main\java\com\sinoparasoft\service\NetworkService.java
D:\GGCloud-Origin\private_cloud_sdk\src\main\java\com\sinoparasoft\service\NetworkServiceImpl.java
D:\GGCloud-Origin\private_cloud_sdk\src\main\java\com\sinoparasoft\service\OperationLogService.java
D:\GGCloud-Origin\private_cloud_sdk\src\main\java\com\sinoparasoft\service\OperationLogServiceImpl.java
D:\GGCloud-Origin\private_cloud_sdk\src\main\java\com\sinoparasoft\service\OverviewService.java
D:\GGCloud-Origin\private_cloud_sdk\src\main\java\com\sinoparasoft\service\OverviewServiceImpl.java
D:\GGCloud-Origin\private_cloud_sdk\src\main\java\com\sinoparasoft\service\PhysicalMachineService.java
D:\GGCloud-Origin\private_cloud_sdk\src\main\java\com\sinoparasoft\service\PhysicalMachineServiceImpl.java
D:\GGCloud-Origin\private_cloud_sdk\src\main\java\com\sinoparasoft\service\SnapshotService.java
D:\GGCloud-Origin\private_cloud_sdk\src\main\java\com\sinoparasoft\service\SnapshotServiceEpilogue.java
D:\GGCloud-Origin\private_cloud_sdk\src\main\java\com\sinoparasoft\service\SnapshotServiceImpl.java
D:\GGCloud-Origin\private_cloud_sdk\src\main\java\com\sinoparasoft\service\UserService.java
D:\GGCloud-Origin\private_cloud_sdk\src\main\java\com\sinoparasoft\service\UserServiceImpl.java
D:\GGCloud-Origin\private_cloud_sdk\src\main\java\com\sinoparasoft\service\VirtualMachineDomainService.java
D:\GGCloud-Origin\private_cloud_sdk\src\main\java\com\sinoparasoft\service\VirtualMachineDomainServiceImpl.java
D:\GGCloud-Origin\private_cloud_sdk\src\main\java\com\sinoparasoft\service\VirtualMachineGroupService.java
D:\GGCloud-Origin\private_cloud_sdk\src\main\java\com\sinoparasoft\service\VirtualMachineGroupServiceImpl.java
D:\GGCloud-Origin\private_cloud_sdk\src\main\java\com\sinoparasoft\service\VirtualMachineService.java
D:\GGCloud-Origin\private_cloud_sdk\src\main\java\com\sinoparasoft\service\VirtualMachineServiceEpilogue.java
D:\GGCloud-Origin\private_cloud_sdk\src\main\java\com\sinoparasoft\service\VirtualMachineServiceImpl.java
D:\GGCloud-Origin\private_cloud_sdk\src\main\java\com\sinoparasoft\task\AsyncOperationCommand.java
D:\GGCloud-Origin\private_cloud_sdk\src\main\java\com\sinoparasoft\task\AsyncOperationWorker.java
D:\GGCloud-Origin\private_cloud_sdk\src\main\java\com\sinoparasoft\task\DataThread.java
D:\GGCloud-Origin\private_cloud_sdk\src\main\java\com\sinoparasoft\task\GangliaMetric.java
D:\GGCloud-Origin\private_cloud_sdk\src\main\java\com\sinoparasoft\task\GangliaMonitor.java
D:\GGCloud-Origin\private_cloud_sdk\src\main\java\com\sinoparasoft\task\MonitorAlarmWorker.java
D:\GGCloud-Origin\private_cloud_sdk\src\main\java\com\sinoparasoft\type\ApplicationTag.java
D:\GGCloud-Origin\private_cloud_sdk\src\main\java\com\sinoparasoft\type\ApplicationTagVirtualMachineInfo.java
D:\GGCloud-Origin\private_cloud_sdk\src\main\java\com\sinoparasoft\type\Disk.java
D:\GGCloud-Origin\private_cloud_sdk\src\main\java\com\sinoparasoft\type\DomainOverallResourceUsage.java
D:\GGCloud-Origin\private_cloud_sdk\src\main\java\com\sinoparasoft\type\DomainResourceUsage.java
D:\GGCloud-Origin\private_cloud_sdk\src\main\java\com\sinoparasoft\type\ExternalIp.java
D:\GGCloud-Origin\private_cloud_sdk\src\main\java\com\sinoparasoft\type\GroupResourceUsage.java
D:\GGCloud-Origin\private_cloud_sdk\src\main\java\com\sinoparasoft\type\Image.java
D:\GGCloud-Origin\private_cloud_sdk\src\main\java\com\sinoparasoft\type\MigrationPolicy.java
D:\GGCloud-Origin\private_cloud_sdk\src\main\java\com\sinoparasoft\type\MonitorLog.java
D:\GGCloud-Origin\private_cloud_sdk\src\main\java\com\sinoparasoft\type\MonitorSetting.java
D:\GGCloud-Origin\private_cloud_sdk\src\main\java\com\sinoparasoft\type\OperationLog.java
D:\GGCloud-Origin\private_cloud_sdk\src\main\java\com\sinoparasoft\type\OverviewResourceUsage.java
D:\GGCloud-Origin\private_cloud_sdk\src\main\java\com\sinoparasoft\type\PartitionedResourceUsageItem.java
D:\GGCloud-Origin\private_cloud_sdk\src\main\java\com\sinoparasoft\type\PhysicalMachine.java
D:\GGCloud-Origin\private_cloud_sdk\src\main\java\com\sinoparasoft\type\ResourceUsageItem.java
D:\GGCloud-Origin\private_cloud_sdk\src\main\java\com\sinoparasoft\type\Snapshot.java
D:\GGCloud-Origin\private_cloud_sdk\src\main\java\com\sinoparasoft\type\SnapshotVirtualMachineInfo.java
D:\GGCloud-Origin\private_cloud_sdk\src\main\java\com\sinoparasoft\type\StorageResourceUsage.java
D:\GGCloud-Origin\private_cloud_sdk\src\main\java\com\sinoparasoft\type\VirtualMachine.java
D:\GGCloud-Origin\private_cloud_sdk\src\main\java\com\sinoparasoft\type\VirtualMachineGroup.java
D:\GGCloud-Origin\private_cloud_sdk\src\main\java\com\sinoparasoft\util\ActionResultHelper.java
D:\GGCloud-Origin\private_cloud_sdk\src\main\java\com\sinoparasoft\util\CustomDateSerializer.java
D:\GGCloud-Origin\private_cloud_sdk\src\main\java\com\sinoparasoft\util\ExcelOperate.java
